[debug] [2022-05-08T07:53:44.683Z] ----------------------------------------------------------------------
[debug] [2022-05-08T07:53:44.684Z] Command:       /usr/local/bin/firebase /Users/amitdebnath/.cache/firebase/tools/lib/node_modules/firebase-tools/lib/bin/firebase init
[debug] [2022-05-08T07:53:44.684Z] CLI Version:   10.7.1
[debug] [2022-05-08T07:53:44.685Z] Platform:      darwin
[debug] [2022-05-08T07:53:44.685Z] Node Version:  v12.18.1
[debug] [2022-05-08T07:53:44.685Z] Time:          Sun May 08 2022 13:53:44 GMT+0600 (Bangladesh Standard Time)
[debug] [2022-05-08T07:53:44.685Z] ----------------------------------------------------------------------
[debug] 
[debug] [2022-05-08T07:53:44.693Z] > command requires scopes: ["email","openid","https://www.googleapis.com/auth/cloudplatformprojects.readonly","https://www.googleapis.com/auth/firebase","https://www.googleapis.com/auth/cloud-platform"]
[debug] [2022-05-08T07:53:44.694Z] > authorizing via signed-in user (amitd701@gmail.com)
[info] 
     ######## #### ########  ######## ########     ###     ######  ########
     ##        ##  ##     ## ##       ##     ##  ##   ##  ##       ##
     ######    ##  ########  ######   ########  #########  ######  ######
     ##        ##  ##    ##  ##       ##     ## ##     ##       ## ##
     ##       #### ##     ## ######## ########  ##     ##  ######  ########

You're about to initialize a Firebase project in this directory:

  /Users/amitdebnath/Documents/practice/Backend/notes-taker

[info] 
=== Project Setup
[info] 
[info] First, let's associate this project directory with a Firebase project.
[info] You can create multiple project aliases by running firebase use --add, 
[info] but for now we'll just set up a default project.
[info] 
[debug] [2022-05-08T07:54:47.936Z] > refreshing access token with scopes: []
[debug] [2022-05-08T07:54:47.937Z] >>> HTTP REQUEST POST https://www.googleapis.com/oauth2/v3/token  
 <request body omitted>
[debug] [2022-05-08T07:54:48.228Z] <<< HTTP RESPONSE 200 {"pragma":"no-cache","date":"Sun, 08 May 2022 07:54:48 GMT","cache-control":"no-cache, no-store, max-age=0, must-revalidate","expires":"Mon, 01 Jan 1990 00:00:00 GMT","content-type":"application/json; charset=utf-8","vary":"X-Origin, Referer, Origin,Accept-Encoding","server":"scaffolding on HTTPServer2","x-xss-protection":"0","x-frame-options":"SAMEORIGIN","x-content-type-options":"nosniff","alt-svc":"h3=\":443\"; ma=2592000,h3-29=\":443\"; ma=2592000,h3-Q050=\":443\"; ma=2592000,h3-Q046=\":443\"; ma=2592000,h3-Q043=\":443\"; ma=2592000,quic=\":443\"; ma=2592000; v=\"46,43\"","accept-ranges":"none","transfer-encoding":"chunked"}
[debug] [2022-05-08T07:54:48.282Z] >>> [apiv2][query] GET https://firebase.googleapis.com/v1beta1/projects pageSize=100
[debug] [2022-05-08T07:54:49.363Z] <<< [apiv2][status] GET https://firebase.googleapis.com/v1beta1/projects 200
[debug] [2022-05-08T07:54:49.363Z] <<< [apiv2][body] GET https://firebase.googleapis.com/v1beta1/projects [omitted]
[debug] [2022-05-08T08:45:32.034Z] ----------------------------------------------------------------------
[debug] [2022-05-08T08:45:32.035Z] Command:       /usr/local/bin/firebase /Users/amitdebnath/.cache/firebase/tools/lib/node_modules/firebase-tools/lib/bin/firebase init
[debug] [2022-05-08T08:45:32.035Z] CLI Version:   10.7.1
[debug] [2022-05-08T08:45:32.035Z] Platform:      darwin
[debug] [2022-05-08T08:45:32.036Z] Node Version:  v12.18.1
[debug] [2022-05-08T08:45:32.038Z] Time:          Sun May 08 2022 14:45:32 GMT+0600 (Bangladesh Standard Time)
[debug] [2022-05-08T08:45:32.039Z] ----------------------------------------------------------------------
[debug] 
[debug] [2022-05-08T08:45:32.047Z] > command requires scopes: ["email","openid","https://www.googleapis.com/auth/cloudplatformprojects.readonly","https://www.googleapis.com/auth/firebase","https://www.googleapis.com/auth/cloud-platform"]
[debug] [2022-05-08T08:45:32.047Z] > authorizing via signed-in user (amitd701@gmail.com)
[info] 
     ######## #### ########  ######## ########     ###     ######  ########
     ##        ##  ##     ## ##       ##     ##  ##   ##  ##       ##
     ######    ##  ########  ######   ########  #########  ######  ######
     ##        ##  ##    ##  ##       ##     ## ##     ##       ## ##
     ##       #### ##     ## ######## ########  ##     ##  ######  ########

You're about to initialize a Firebase project in this directory:

  /Users/amitdebnath/Documents/practice/Backend/notes-taker

